<?xml version="1.0" encoding="UTF-8"?>
<!-- Generated by org.testng.reporters.JUnitReportReporter -->
<testsuite hostname="Debasish" failures="0" tests="1" name="in.debasish.testCases.LoginTest" time="1.856" errors="0" timestamp="2024-08-23T12:55:35 IST" skipped="0">
  <testcase classname="in.debasish.testCases.LoginTest" name="loginToApp" time="1.856"/>
</testsuite> <!-- in.debasish.testCases.LoginTest -->
