<?xml version="1.0" encoding="UTF-8"?>
<!-- Generated by org.testng.reporters.JUnitReportReporter -->
<testsuite hostname="Debasish" failures="0" tests="1" name="in.debasish.testCases.GetAllItemsTest" time="8.055" errors="0" timestamp="2024-08-28T16:18:20 IST" skipped="0">
  <testcase classname="in.debasish.testCases.GetAllItemsTest" name="getAlltheContent" time="8.055"/>
</testsuite> <!-- in.debasish.testCases.GetAllItemsTest -->
