<?xml version="1.0" encoding="UTF-8"?>
<!-- Generated by org.testng.reporters.JUnitReportReporter -->
<testsuite hostname="Debasish" failures="0" tests="33" name="in.debasish.testCases.CreateAccountTest" time="136.482" errors="0" timestamp="2024-01-22T13:55:23 IST" skipped="0">
  <testcase classname="in.debasish.testCases.CreateAccountTest" name="createAccountTest" time="4.115"/>
  <testcase classname="in.debasish.testCases.CreateAccountTest" name="createAccountTest" time="3.737"/>
  <testcase classname="in.debasish.testCases.CreateAccountTest" name="createAccountTest" time="4.392"/>
  <testcase classname="in.debasish.testCases.CreateAccountTest" name="createAccountTest" time="3.775"/>
  <testcase classname="in.debasish.testCases.CreateAccountTest" name="createAccountTest" time="4.117"/>
  <testcase classname="in.debasish.testCases.CreateAccountTest" name="createAccountTest" time="4.749"/>
  <testcase classname="in.debasish.testCases.CreateAccountTest" name="createAccountTest" time="3.838"/>
  <testcase classname="in.debasish.testCases.CreateAccountTest" name="createAccountTest" time="4.119"/>
  <testcase classname="in.debasish.testCases.CreateAccountTest" name="createAccountTest" time="4.439"/>
  <testcase classname="in.debasish.testCases.CreateAccountTest" name="createAccountTest" time="3.908"/>
  <testcase classname="in.debasish.testCases.CreateAccountTest" name="createAccountTest" time="3.884"/>
  <testcase classname="in.debasish.testCases.CreateAccountTest" name="createAccountTest" time="3.792"/>
  <testcase classname="in.debasish.testCases.CreateAccountTest" name="createAccountTest" time="3.903"/>
  <testcase classname="in.debasish.testCases.CreateAccountTest" name="createAccountTest" time="4.216"/>
  <testcase classname="in.debasish.testCases.CreateAccountTest" name="createAccountTest" time="3.981"/>
  <testcase classname="in.debasish.testCases.CreateAccountTest" name="createAccountTest" time="3.897"/>
  <testcase classname="in.debasish.testCases.CreateAccountTest" name="createAccountTest" time="4.268"/>
  <testcase classname="in.debasish.testCases.CreateAccountTest" name="createAccountTest" time="4.012"/>
  <testcase classname="in.debasish.testCases.CreateAccountTest" name="createAccountTest" time="4.167"/>
  <testcase classname="in.debasish.testCases.CreateAccountTest" name="createAccountTest" time="4.154"/>
  <testcase classname="in.debasish.testCases.CreateAccountTest" name="createAccountTest" time="6.617"/>
  <testcase classname="in.debasish.testCases.CreateAccountTest" name="createAccountTest" time="3.798"/>
  <testcase classname="in.debasish.testCases.CreateAccountTest" name="createAccountTest" time="4.341"/>
  <testcase classname="in.debasish.testCases.CreateAccountTest" name="createAccountTest" time="3.975"/>
  <testcase classname="in.debasish.testCases.CreateAccountTest" name="createAccountTest" time="4.045"/>
  <testcase classname="in.debasish.testCases.CreateAccountTest" name="createAccountTest" time="4.329"/>
  <testcase classname="in.debasish.testCases.CreateAccountTest" name="createAccountTest" time="3.796"/>
  <testcase classname="in.debasish.testCases.CreateAccountTest" name="createAccountTest" time="3.965"/>
  <testcase classname="in.debasish.testCases.CreateAccountTest" name="createAccountTest" time="3.817"/>
  <testcase classname="in.debasish.testCases.CreateAccountTest" name="createAccountTest" time="3.957"/>
  <testcase classname="in.debasish.testCases.CreateAccountTest" name="createAccountTest" time="4.318"/>
  <testcase classname="in.debasish.testCases.CreateAccountTest" name="createAccountTest" time="4.014"/>
  <testcase classname="in.debasish.testCases.CreateAccountTest" name="createAccountTest" time="4.047"/>
</testsuite> <!-- in.debasish.testCases.CreateAccountTest -->
