<?xml version="1.0" encoding="UTF-8"?>
<!-- Generated by org.testng.reporters.JUnitReportReporter -->
<testsuite hostname="Debasish" failures="0" tests="1" name="in.debasish.testCases.LoginTest" time="2.627" errors="0" timestamp="2024-01-21T03:01:30 IST" skipped="0">
  <testcase classname="in.debasish.testCases.LoginTest" name="loginToApp" time="2.627"/>
</testsuite> <!-- in.debasish.testCases.LoginTest -->
